0 info it worked if it ends with ok
1 verbose cli [ '/usr/local/bin/node',
1 verbose cli   '/usr/local/bin/npm',
1 verbose cli   'install',
1 verbose cli   '--save-dev',
1 verbose cli   'proxyquire' ]
2 info using npm@1.4.28
3 info using node@v5.7.0
4 verbose readDependencies using package.json deps
5 verbose cache add [ 'proxyquire', null ]
6 verbose cache add name=undefined spec="proxyquire" args=["proxyquire",null]
7 verbose parsed url Url {
7 verbose parsed url   protocol: null,
7 verbose parsed url   slashes: null,
7 verbose parsed url   auth: null,
7 verbose parsed url   host: null,
7 verbose parsed url   port: null,
7 verbose parsed url   hostname: null,
7 verbose parsed url   hash: null,
7 verbose parsed url   search: null,
7 verbose parsed url   query: null,
7 verbose parsed url   pathname: 'proxyquire',
7 verbose parsed url   path: 'proxyquire',
7 verbose parsed url   href: 'proxyquire' }
8 error AssertionError: must have spec info
8 error     at addLocal (/usr/local/lib/node_modules/npm/lib/cache/add-local.js:22:3)
8 error     at maybeAt (/usr/local/lib/node_modules/npm/lib/cache.js:357:5)
8 error     at /usr/local/lib/node_modules/npm/lib/cache.js:344:5
8 error     at FSReqWrap.oncomplete (fs.js:82:15)
9 error If you need help, you may report this *entire* log,
9 error including the npm and node versions, at:
9 error     <http://github.com/npm/npm/issues>
10 error System Darwin 14.5.0
11 error command "/usr/local/bin/node" "/usr/local/bin/npm" "install" "--save-dev" "proxyquire"
12 error cwd /Users/ecunado/documents/projects/workspaceWhyNotSoluciones/shark
13 error node -v v5.7.0
14 error npm -v 1.4.28
15 verbose exit [ 1, true ]
